<?xml version="1.0" encoding="UTF-8"?>
<!-- Generated by org.testng.reporters.JUnitXMLReporter -->
<testsuite hostname="DESKTOP-ID75R87" ignored="0" name="Default test" tests="3" failures="0" timestamp="16 Jun 2019 09:34:11 GMT" time="153.204" errors="0">
  <testcase name="AccountLinkTest" time="5.216" classname="com.capsule.testcases.AccountTestC"/>
  <testcase name="ConfigureIconTest" time="4.792" classname="com.capsule.testcases.AccountTestC"/>
  <testcase name="InvoiceLinkTest" time="3.318" classname="com.capsule.testcases.AccountTestC"/>
</testsuite> <!-- Default test -->
