<?xml version="1.0" encoding="UTF-8"?>
<testng-results skipped="0" failed="0" ignored="0" total="3" passed="3">
  <reporter-output>
  </reporter-output>
  <suite name="Default suite" duration-ms="153204" started-at="2019-06-16T09:31:21Z" finished-at="2019-06-16T09:33:54Z">
    <groups>
    </groups>
    <test name="Default test" duration-ms="153204" started-at="2019-06-16T09:31:21Z" finished-at="2019-06-16T09:33:54Z">
      <class name="com.capsule.testcases.AccountTestC">
        <test-method status="PASS" signature="setup()[pri:0, instance:com.capsule.testcases.AccountTestC@1622fdf]" name="setup" is-config="true" duration-ms="60907" started-at="2019-06-16T09:31:21Z" finished-at="2019-06-16T09:32:22Z">
          <reporter-output>
          </reporter-output>
        </test-method> <!-- setup -->
        <test-method status="PASS" signature="AccountLinkTest()[pri:0, instance:com.capsule.testcases.AccountTestC@1622fdf]" name="AccountLinkTest" duration-ms="5216" started-at="2019-06-16T09:32:22Z" finished-at="2019-06-16T09:32:27Z">
          <reporter-output>
          </reporter-output>
        </test-method> <!-- AccountLinkTest -->
        <test-method status="PASS" signature="setup()[pri:0, instance:com.capsule.testcases.AccountTestC@1622fdf]" name="setup" is-config="true" duration-ms="37860" started-at="2019-06-16T09:32:27Z" finished-at="2019-06-16T09:33:05Z">
          <reporter-output>
          </reporter-output>
        </test-method> <!-- setup -->
        <test-method status="PASS" signature="ConfigureIconTest()[pri:0, instance:com.capsule.testcases.AccountTestC@1622fdf]" name="ConfigureIconTest" duration-ms="4792" started-at="2019-06-16T09:33:05Z" finished-at="2019-06-16T09:33:10Z">
          <reporter-output>
          </reporter-output>
        </test-method> <!-- ConfigureIconTest -->
        <test-method status="PASS" signature="setup()[pri:0, instance:com.capsule.testcases.AccountTestC@1622fdf]" name="setup" is-config="true" duration-ms="40776" started-at="2019-06-16T09:33:10Z" finished-at="2019-06-16T09:33:51Z">
          <reporter-output>
          </reporter-output>
        </test-method> <!-- setup -->
        <test-method status="PASS" signature="InvoiceLinkTest()[pri:0, instance:com.capsule.testcases.AccountTestC@1622fdf]" name="InvoiceLinkTest" duration-ms="3318" started-at="2019-06-16T09:33:51Z" finished-at="2019-06-16T09:33:54Z">
          <reporter-output>
          </reporter-output>
        </test-method> <!-- InvoiceLinkTest -->
      </class> <!-- com.capsule.testcases.AccountTestC -->
    </test> <!-- Default test -->
  </suite> <!-- Default suite -->
</testng-results>
